0.99.5+a363:3 anonym ADD COPY from core
0.99.5+a363:2 anonym ADD COPY from core
0.99.5+a363:1 anonym ADD COPY from core
0.99.5+a278:5 anonym ADD more info on integration and improve some typos
0.99.5+a278:4 anonym ADD read.me with relevant information
0.99.5+a278:3 anonym ADD env_sample.txt
-----
0.99.5+a278:2 anonym ADD COPY from core
0.99.2+a357:1 anonym FIX google tag manager head
0.99.1+a350:1 anonym ADD re-enable google analytics
0.99.1+a320:2 anonym ADD change confidentiality wording for signup
0.99.3+a320:1 person ADD detailed opinion excel download with all marks
0.99.1+a317:1 anonym ADD adjust rating re-calculation settings
0.99.1+a315:2 anonym FIX wrong place was selected for opinion if another place was clicked on before
0.99.0+a315:1 anonym ADD confidentiality page embed google doc
0.99.0+a313:1 anonym ADD confidentiality page embed google doc
0.99.0+a311:1 anonym ADD confidentiality page footer link
0.99.0+a309:3 anonym ADD set destination by clicking map marker
0.99.0+a309:2 anonym ADD trigger deafault location for map even if person denies location permission
0.99.0+a309:1 anonym ADD show directions pane at full available height
0.99.3+a307:1 person ADD unify download of tracks, places, and opinions by user as csv file
0.99.3+a304:4 person ADD from and to by geolocations detection
0.99.3+a304:3 person FIX power panel user deletion
0.99.2+a304:2 person FIX proper admin panel handling user creation
0.99.1+a304:1 person ADD proper theme support
0.99.1+a303:1 person ADD geolocation or failback to default location (Kyiv is the capital of Great Ukraine)
0.99.1+a293:3 person ADD improve map top border visibility
0.99.1+a293:2 person ADD exchange from and to button
0.99.1+a293:1 person FIX place vote by parameters not shown
0.99.0+a290:3 person ADD from places to activity after sign in
0.99.0+a290:2 person ADD unfiy translation for app_name and messages for failed sign in
0.99.0+a290:1 person DEL legacy code
0.98.0+a290:1 person UPD unfify google analytics re-usabilty
0.97.0+a290:1 person UPD unify app_name usage
0.96.0+a290:1 person UPD from places to activity after sign in
0.95.1+a290:1 person FIX place vote by parameters not shown
0.95.0+a282:1 person ADD download tracks data as csv
0.95.0+a281:2 person ADD better detection of related module property exisitence
0.95.0+a281:1 person ADD better detection of related module property exisitence
0.95.0+a280:2 person ADD download all tracks via power panel
0.95.0+a280:1 person ADD custom button support to power panel
0.95.0+a279:2 person ADD better title label at power panel list
0.95.0+a279:1 person UPD clean legacy code
0.94.0+a279:1 person ADD proper transation and icon for Track module
0.94.0+a276:5 person ADD better size at small screens
0.94.0+a276:4 person ADD better check all required data for route search are present
0.94.0+a276:3 person ADD disable googe analytics
0.94.0+a276:2 person ADD minor comment clean up
0.94.0+a276:1 person UPD clean legacy code
0.93.0+a276:2 person ADD Track module
0.93.0+a276:1 person ADD logging tracks to DB
0.93.0+a273:1 person ADD better track migration
0.93.0+a272:3 person ADD better map directions form at small screens
0.93.0+a272:2 person ADD remove legacy reference for versionlog
0.93.0+a272:1 person ADD tracks module DB migration
0.93.0+a261:2 anonym ADD visibility switch of directions chooser
0.93.0+a261:1 anonym UPD transfer major core changes
0.92.0+a261:1 anonym ADD step by step directions attached below variants switch
0.92.0+a260:3 anonym ADD clean map when no routes by selected parameters
0.92.0+a260:2 anonym ADD direction steps panel
0.92.0+a260:1 anonym ADD show switch for alternative routes
0.92.0+a258:1 anonym ADD clean previous routes if start and end points changed
0.92.0+a253:1 anonym ADD better translation support for building route buttons
0.92.0+a252:4 anonym ADD build directions simple way with points selected by typing in
0.92.0+a252:3 anonym ADD google analytics and tagmanager
0.92.0+a252:2 anonym ADD better support for list of user s in power panel
0.92.0+a252:1 anonym ADD better support for list of user s in power panel
0.92.0+a248:1 anonym ADD google analytics for production env
0.92.0+a240:1 anonym ADD rename column in user s table
0.92.0+a173:2 anonym ADD clean up sweet alert
0.92.0+a173:1 anonym ADD unify sweet alert across signin and opinion
0.92.0+a172:2 anonym ADD disallow empty marks for opinion
0.92.0+a172:1 anonym ADD hide unused map items
0.92.0+a169:9 anonym ADD unify power panel people mngmt
0.92.0+a169:8 anonym ADD modify author of place in power panel
0.92.0+a169:7 anonym ADD unify password reset to use new sweet alert lib
0.92.0+a169:6 anonym ADD enable real-life complaints sending by email
0.92.0+a169:5 anonym ADD clean email text from extra images
0.92.0+a169:4 anonym ADD better recaptcha required for validation at prod
0.92.0+a169:3 anonym ADD feedback validation messages
0.92.0+a169:2 anonym ADD remove dots from validation messages
0.92.0+a169:1 anonym UPD dirty refactoring and unifying fnForm usage
0.91.0+a169:2 anonym ADD unify forms processing at login, signup, and power area
0.91.0+a169:1 anonym ADD disable recaptcha in forms at local development
0.91.0+a168:1 anonym ADD improve feedback and redirect after registration
0.91.0+a166:2 anonym ADD datatable translation to power user area
0.91.0+a166:1 anonym ADD increase settings for minimum votes per place to 10
0.91.0+a154:2 anonym ADD addresses for Odessa city authority
0.91.0+a154:1 anonym ADD split email text and pdf text templates
0.91.0+a151:1 anonym UPD email spf and dkim compliance, debugging selected place
0.90.0+a151:2 anonym ADD unify email and PDF look, PDF fits 1 page
0.90.0+a151:1 anonym UPD routes clean up
0.89.0+a147:1 anonym UPD send complaint as PDF
0.88.0+a146:3 person ADD clean up
0.88.0+a146:2 person ADD clean up
0.88.0+a146:1 anonym DEL clean up
0.87.1+a146:3 anonym ADD disable emails to real recipients
0.87.1+a146:2 anonym ADD open social links in new tab
0.87.1+a146:1 anonym ADD static, about us
0.87.1+a145:1 anonym ADD footer info
0.87.1+a133:2 anonym ADD test recipients for emails from production
0.87.1+a133:1 anonym ADD map preload spinner
0.87.1+a129:2 anonym ADD redirect to list of places after added new opinion
0.87.1+a129:1 anonym ADD show nice message when trying creation a duplicate of opinion for the same place by the same person
0.87.1+a128:1 anonym ADD remove newly created parent "duplicate" item of opinion for place
0.87.1+a127:3 anonym ADD irreversible duplicates clean up to the migration
0.87.1+a127:2 anonym ADD draft migration for adding unique index to opinions
0.87.1+a127:1 anonym ADD opinion button after place viewed in modal
0.87.1+a126:4 anonym ADD files cleanup
0.87.1+a126:3 anonym FIX login button overflow
0.87.0+a126:2 anonym ADD hide title for opinion and show place title instead
0.87.0+a126:1 anonym ADD name surname to table when listing places
0.87.0+a125:3 anonym ADD latest opinion when viewing place
0.87.0+a125:2 anonym ADD latest opinion when viewing place
0.87.0+a125:1 anonym ADD better map place sweetalert title and icon
0.87.0+a124:6 anonym ADD cut extra symbols in title
0.87.0+a124:5 anonym ADD cut extra symbols in title
0.87.0+a124:4 anonym ADD cut extra symbols in title
0.87.0+a124:3 anonym ADD cut extra symbols in title
0.87.0+a124:2 anonym ADD cut extra symbols in title
0.87.0+a124:1 anonym UPD pre-calculate rating, values for future settings of sending complaints
0.86.0+a121:4 anonym ADD move email sender from places to complaints
0.86.0+a121:3 anonym ADD textarea form field
0.86.0+a121:2 anonym ADD remove country reference for user s
0.86.0+a121:1 anonym UPD complaint module
0.85.0+a121:1 anonym ADD improve translations usage in power panel (aka a d m i n panel)
0.85.0+a115:7 anonym ADD clean up logging in a d m i n panel
0.85.0+a115:6 anonym ADD disable test emails
0.85.0+a115:5 anonym ADD clean debug
0.85.0+a115:4 anonym ADD clean debug
0.85.0+a115:3 anonym ADD chamge email from name and list elements with issues
0.85.0+a115:2 anonym ADD change sweetalert usage when saving new place and working with list
0.85.0+a115:1 anonym ADD sending emails from adresses and to names
0.85.0+a114:1 anonym ADD sending test email to addresses
0.85.0+a113:3 anonym ADD change total percent and rating mark calculation
0.85.0+a113:2 anonym ADD use theme variable, clean up, and choose another map center and zoom for dev purposes at local environment
0.85.0+a113:1 anonym ADD rating description colouring and sweetalert2 with html footer support
0.85.0+a112:1 anonym ADD cleaner rating description for a place
0.85.0+a110:1 anonym UPD google maps clustering
0.84.0+a110:3 anonym ADD coloring markers per overall rating for the place
0.84.0+a110:2 anonym ADD localise description for rating
0.84.0+a110:1 anonym ADD calculate average ratings for each place incl. per element and total
0.84.0+a101:3 anonym ADD more items to list by expanding limit per page
0.84.0+a101:2 anonym ADD hide button
0.84.0+a101:1 anonym UPD markers to map and info tip on click by marker
0.83.1+a100:2 anonym ADD google maps API key
0.83.1+a100:1 anonym ADD hide empty titile mainly for home page
0.83.1+a099:7 person ADD default published on for opinions
0.83.1+a099:6 person FIX default and admin values checking
0.83.0+a099:5 person ADD toggle checkbox when default value is on
0.83.0+a099:4 person ADD published default value as set in model when new item is created
0.83.0+a099:3 person ADD place auto-published defaults to true
0.83.0+a099:2 person ADD hide published checkbox for anonyms
0.83.0+a099:1 person ADD show checkbox for publishing a place
0.83.1+a098:4 anonym ADD header logo link to project homepage
0.83.1+a098:3 anonym ADD better placing forgot password link on mobiles
0.83.1+a098:2 anonym ADD eu visibility
0.83.1+a098:1 anonym ADD disable recaptcha for after sign in
0.83.1+a097:5 anonym FIX css version
0.83.0+a097:4 anonym ADD better mobile menu logout form centered placement
0.83.0+a097:3 anonym ADD better css inclusion order
0.83.0+a097:2 anonym ADD correct link to activemedia website
0.83.0+a097:1 anonym UPD prod and better config caching support
0.82.1+a084:1 anonym FIX google recaptcha usage switch to v2 instead of broken v3
0.82.1+a067:2 person FIX versioning by branch
0.82.0+a067:1 anonym UPD re-use same form for g_u_e_s_t as for u_s_e_r for opinion as next step after place creation
0.81.0+a067:8 person ADD place, add form, missing translations for page title and description field
0.81.0+a067:7 person ADD move js and script to head of template as section
0.81.0+a067:6 person ADD more versatile translations at user and global levels for g u e s t being able using them
0.81.0+a067:5 person ADD select control proper class name
0.81.0+a067:4 person ADD comment out js javascript provided by html-frontender that is conflicting with select2
0.81.0+a067:3 person ADD comment out js javascript provided by html-frontender that is conflicting with select2
0.81.0+a067:2 person ADD new routing variables will use ony id for main record and other ids will be prepended with a letter
0.81.0+a067:1 person ADD more versatile translations at user and global levels for g u e s t being able using them
0.81.0+a066:5 person ADD visual spacing for vars setting
0.81.0+a066:4 person ADD disabled and readonly for select in forms
0.81.0+a066:3 person ADD change filters default sorting by title for translations query
0.81.0+a066:2 person ADD adjust g u e s t menu items font size and screen position
0.81.0+a066:1 person ADD readonly and disabled for select element of a form
0.81.0+a065:8 person ADD spacing and comment to place
0.81.0+a065:7 person ADD extra button name for place and follow opinion form
0.81.0+a065:6 person ADD new cleaner label, input, and hint detection for forms
0.81.0+a065:5 person ADD move translations to new places at g u e s t forms
0.81.0+a065:4 person ADD proper css ordering for easier overriding external styles
0.81.0+a065:3 person ADD clean redundant variabls in g u e s t form
0.81.0+a065:2 person ADD extra button to modal and rename all buttons and actions
0.81.0+a065:1 person UPD routing using dot as splitter
0.80.1+a065:1 person ADD proper css ordering for easier overriding external styles
0.80.1+a064:1 person ADD routes for adding opinion for selected place
0.80.1+a062:1 person ADD inner clean place creation form
0.80.1+a051:2 person FIX check for reflection in controller when creating related model rules
0.80.0+a051:1 person UPD required marker for dynamic selects in opinion
0.79.0+a050:2 person ADD use of HasMany
0.79.0+a050:1 person UPD save only filled in values for related models
0.78.0+a050:1 person ADD spaces in use statements
0.78.0+a049:3 person ADD opinion change description label
0.78.0+a049:2 person ADD no more qty unique in marks
0.78.0+a049:1 person UPD building field to style form
0.77.0+a049:3 person ADD unify spacing for use statements
0.77.0+a049:2 person ADD keep form after submit for editing
0.77.0+a049:1 person ADD reset form after submit for creating
0.77.0+a037:1 person ADD clean reports tables
0.77.0+a035:3 person ADD clean reports tables
0.77.0+a035:2 person ADD clean reports tables
0.77.0+a035:1 person UPD hide places that are already evaluated
0.76.0+a035:1 person UPD opinion and mark
0.75.0+a031:3 person ADD spacing to use classes
0.75.0+a031:2 person ADD opinion module
0.75.0+a031:1 person ADD mark module
0.75.0+a030:2 person ADD place form fields order
0.75.0+a030:1 anonym UPD clean up
0.74.0+a030:6 anonym ADD translation for my in my-area
0.74.0+a030:5 person ADD session sweetalert2
0.74.0+a030:4 person ADD better login radio style
0.74.0+a030:3 person ADD better place form including g u e s t compatibility
0.74.0+a030:2 person ADD move elements now belong to style instead of building
0.74.0+a030:1 person ADD style as a category for buildings
0.74.0+a029:2 person ADD building as module to point
0.74.0+a029:1 person DEL clean up previous non-module building
0.73.0+a029:4 person ADD interlink building and element
0.73.0+a029:3 person ADD interlink building and element
0.73.0+a029:2 person ADD elements module and link to building
0.73.0+a029:1 person DEL design from point forms
0.72.0+a028:2 person ADD sweetalert2 for items deletion from list
0.72.0+a028:1 person DEL target
0.71.0+a028:1 anonym DEL ownership
-----
0.70.0+a024:2 anonym ADD better sweet alert after creating a point
0.70.0+a024:1 anonym UPD save a new place form
0.69.0+a023:4 anonym ADD menu on mobile screens
0.69.0+a023:3 person ADD show new personal profile page instead of old one
0.69.0+a023:2 anonym ADD hide map stub
0.69.0+a023:1 anonym UPD create a new place form
0.68.3+a022:5 anonym ADD better styling for cookies consent
0.68.3+a022:4 anonym FIX email field value
0.68.2+a022:3 anonym ADD cookies consent styling for current theme
0.68.2+a022:2 anonym ADD cookies consent styling for current theme
0.68.1+a022:1 anonym FIX email field value
0.68.0+a021:3 anonym ADD unify dropdown select form element availability for user and g u e s t
0.68.0+a021:2 anonym ADD unify select2 availability for user and g u e s t
0.68.0+a021:1 anonym ADD unify lang and socials networks links as separate template
0.68.0+a020:2 anonym ADD correct field types in persoanl profile form
0.68.0+a020:1 anonym UPD personal profile and top menu update
0.67.1+a020:1 anonym ADD personal module
0.67.1+a018:3 anonym ADD top menu switch items when user is logged in
0.67.1+a018:2 anonym FIX styles for power user area
0.67.0+a018:1 anonym UPD password reset token and change
0.66.0+a017:2 anonym ADD restore password page and form styling
0.66.0+a017:1 anonym ADD signin_up form fields styling
0.66.0+a016:1 anonym ADD login page tabs
0.66.0+a015:7 anonym ADD home page top menu links
0.66.0+a015:6 anonym ADD home page header n footer
0.66.0+a015:5 anonym ADD home page images and icons
0.66.0+a015:4 anonym ADD home page html,css,js
0.66.0+a015:3 anonym ADD theme and utype support into templates and _env
0.66.0+a015:2 anonym ADD temp redirect to login page from home
0.66.0+a015:1 anonym UPD translations
0.65.0+a014:4 anonym ADD home page design as module
0.65.0+a014:3 anonym ADD missings for Welcome
0.65.0+a014:2 anonym DEL cleanup for Welcome
0.65.0+a014:1 anonym DEL cleanup for Welcome
0.64.0+a014:1 anonym ADD unify __construct, setEnv, rulesLng for model, controller, request
0.64.0+a013:4 anonym ADD rename h o m e into w e l c o m e as more neutral
0.64.0+a013:3 anonym ADD home module renamings
0.64.0+a013:2 anonym ADD home page module
0.64.0+a013:1 person UPD refresh-csrf-token as part of any template and page
0.63.0+a004:1 person UPD hide cookie consent without agreeing
0.62.0+a003:1 person UPD remember me
0.61.0+a364:1 person ADD refresh recaptcha only on window focus
0.61.0+a363:1 person UPD migrate to carbon2 and laravel 6
0.60.1+a363:2 person FIX checkbox being reset to off position when editing
0.60.0+a363:1 person ADD replace dimsav translatable with astrotomic
0.60.0+a362:8 person ADD unify user form and list and also all lists with sorting
0.60.0+a362:7 person ADD sortable to images uploaded for report
0.60.0+a362:6 person ADD show images at report form and upload multiple
0.60.0+a362:5 person ADD clean up report related code
0.60.0+a362:4 person ADD image upload for report
0.60.0+a362:3 person ADD change connection name
0.59.0+a362:2 person ADD correct trait name spelling typo
0.58.0+a362:1 person ADD change table prefixes
0.57.0+a360:9 person ADD missing tarnslations for user list
0.56.0+a360:8 person ADD list and form unified and missing translations restored
0.55.0+a360:7 person ADD clean up item creation
0.54.2+a360:6 person FIX for item creation and translate detection
0.54.1+a360:5 person FIX model translate detection
0.54.1+a360:4 person FIX model translate detection
0.54.1+a360:3 person FIX model translate detection
0.54.0+a360:2 person ADD keep dependent issue dropdrown selection if new parent point has such issue as well
0.53.0+a360:1 person ADD simpler routing
0.52.0+a359:3 person ADD better names for admin panel page titles
0.51.0+a359:2 person ADD detect page focus and check session active for admin panel
0.50.0+a359:1 person DEL other languages en de
0.49.0+a358:1 person ADD link issue to specific type when creating a report
0.48.0+a357:2 person ADD link to parent list within form
0.47.0+a357:1 person ADD comment out redundant scripts
0.46.0+a356:1 person ADD overall stats to Dashboard
0.45.0+a355:5 person ADD report module, table, routes, menu
0.44.0+a355:4 person ADD application timezone
0.43.0+a355:3 person ADD better translations part 2
0.42.0+a355:2 person ADD better translations part 1
0.41.0+a355:1 person ADD issue link to designs
0.40.0+a354:2 person ADD issue form into module location
0.39.0+a354:1 person ADD enable issue module
0.38.0+a353:2 person ADD issue clean up
0.37.0+a353:1 person ADD issue module, table, routes, menu
0.36.0+a351:3 person ADD change name group to target
0.35.0+a351:2 person ADD relation user to points and save with new point
0.34.0+a351:1 person ADD separate list and form related hotkeys js from common
0.33.0+a350:2 person ADD building table, routes, menu, and link to points
0.32.0+a350:1 person ADD ownership table, routes, menu, and link to points
0.31.0+a347:5 person ADD admin panel home page
0.30.0+a347:4 person ADD unify list table columns
0.29.0+a347:3 person ADD more L10N for list and form
0.28.0+a347:2 person ADD better form actions L10N and required fields
0.27.0+a347:1 person ADD better locales names and detection after logout
0.26.0+a346:4 person ADD better uk L10N dupport for forms and breadcrumbs
0.25.0+a346:3 person ADD form field with l10n support
0.24.0+a346:2 person ADD when saving forms use post instead of put
0.23.1+a346:1 person FIX vendor versioning dependencies and form editing for uk locale
0.23.0+a345:4 person ADD profile form
0.22.0+a345:3 person ADD reference new tranlation for signout
0.21.0+a345:2 person ADD signin,up,out refactoring
0.20.0+a345:1 person ADD missing translations related to signin
0.19.0+a344:6 person ADD unify list filters and tables
0.18.0+a344:5 person ADD profile and management
0.17.0+a344:4 person ADD rename my-cs into miy-pr
0.16.0+a344:3 person ADD clean login page and re-route to login from home
0.15.0+a344:2 person ADD better locale detection and switch
0.14.0+a344:1 person ADD group form and link to point
0.13.0+a343:5 person ADD comment out redundant routes references
0.12.1+a343:4 person FIX create item for selected select value
0.12.0+a343:3 person ADD map point form and link to design
0.11.0+a343:2 person ADD fit DB migrations with nullable and disable nullable in Kernel
0.10.0+a343:1 person ADD fit DB migrations with default string values
0.09.0+a342:8 person ADD automated validation rules for design
0.08.1+a342:7 person FIX automated routes and forms
0.08.0+a342:6 person ADD enabled switch to design form
0.07.0+a342:5 person ADD form split by templates and simplify tranlations tree
0.06.0+a342:4 person ADD flags
0.05.0+a342:3 person ADD active menu color
0.04.0+a342:2 person ADD missing menu ico
0.03.0+a342:1 person ADD design and menu translations
0.02.0+a341:2 person ADD admin to anonym branch versioning
0.01.0+a341:1 person ADD save design item with translation
